<?xml version="1.0" encoding="UTF-8"?>
<!-- Generated by org.testng.reporters.JUnitReportReporter -->
<testsuite hostname="Suvasri" failures="0" tests="1" name="Bike.timeOuts" time="9.747" errors="0" timestamp="2023-12-14T13:56:37 IST" skipped="0">
  <testcase classname="Bike.timeOuts" name="open" time="9.747"/>
</testsuite> <!-- Bike.timeOuts -->
