<?xml version="1.0" encoding="UTF-8"?>
<!-- Generated by org.testng.reporters.JUnitReportReporter -->
<testsuite hostname="Suvasri" failures="0" tests="1" name="Assertion.AssertNotNull" time="2.265" errors="0" timestamp="2023-12-20T11:19:02 IST" skipped="0">
  <testcase classname="Assertion.AssertNotNull" name="testcase" time="2.265"/>
</testsuite> <!-- Assertion.AssertNotNull -->
