<?xml version="1.0" encoding="UTF-8"?>
<!-- Generated by org.testng.reporters.JUnitReportReporter -->
<testsuite hostname="Suvasri" failures="0" tests="4" name="SelenumBatch.invocationCount" time="27.233" errors="0" timestamp="2023-12-12T15:56:00 IST" skipped="1">
  <testcase classname="SelenumBatch.invocationCount" name="logout" time="10.814"/>
  <testcase classname="SelenumBatch.invocationCount" name="login" time="10.494"/>
  <testcase classname="SelenumBatch.invocationCount" name="login" time="5.925"/>
  <testcase classname="SelenumBatch.invocationCount" name="register">
    <skipped/>
  </testcase> <!-- register -->
</testsuite> <!-- SelenumBatch.invocationCount -->
