<?xml version="1.0" encoding="UTF-8"?>
<!-- Generated by org.testng.reporters.JUnitReportReporter -->
<testsuite hostname="Suvasri" failures="0" tests="1" name="TestNGListener.TestCase" time="16.748" errors="0" timestamp="2023-12-19T15:20:04 IST" skipped="0">
  <testcase classname="TestNGListener.TestCase" name="testcase" time="16.748"/>
</testsuite> <!-- TestNGListener.TestCase -->
