<?xml version="1.0" encoding="UTF-8"?>
<!-- Generated by org.testng.reporters.JUnitReportReporter -->
<testsuite hostname="Suvasri" failures="0" tests="1" name="PageObjectModel.test" time="14.827" errors="0" timestamp="2023-12-22T17:23:37 IST" skipped="0">
  <testcase classname="PageObjectModel.test" name="testCase" time="14.827"/>
</testsuite> <!-- PageObjectModel.test -->
