<?xml version="1.0" encoding="UTF-8"?>
<!-- Generated by org.testng.reporters.JUnitReportReporter -->
<testsuite hostname="Suvasri" failures="0" tests="1" name="Car.testcase4" time="32.008" errors="0" timestamp="2023-12-14T13:50:14 IST" skipped="0">
  <testcase classname="Car.testcase4" name="bmw" time="32.008"/>
</testsuite> <!-- Car.testcase4 -->
