<?xml version="1.0" encoding="UTF-8"?>
<!-- Generated by org.testng.reporters.JUnitReportReporter -->
<testsuite hostname="Suvasri" failures="0" tests="1" name="Bike.testcase1" time="19.232" errors="0" timestamp="2023-12-14T13:50:14 IST" skipped="0">
  <testcase classname="Bike.testcase1" name="avenger" time="19.232"/>
</testsuite> <!-- Bike.testcase1 -->
