<?xml version="1.0" encoding="UTF-8"?>
<!-- Generated by org.testng.reporters.JUnitReportReporter -->
<testsuite hostname="Suvasri" failures="0" tests="1" name="Bike.testcase3" time="2.239" errors="0" timestamp="2023-12-14T13:50:14 IST" skipped="0">
  <testcase classname="Bike.testcase3" name="pulser" time="2.239"/>
</testsuite> <!-- Bike.testcase3 -->
