<?xml version="1.0" encoding="UTF-8"?>
<!-- Generated by org.testng.reporters.JUnitReportReporter -->
<testsuite hostname="Suvasri" failures="0" tests="1" name="Car.testcase5" time="51.122" errors="0" timestamp="2023-12-14T13:50:14 IST" skipped="0">
  <testcase classname="Car.testcase5" name="audi" time="51.122"/>
</testsuite> <!-- Car.testcase5 -->
