<?xml version="1.0" encoding="UTF-8"?>
<!-- Generated by org.testng.reporters.JUnitReportReporter -->
<testsuite hostname="Suvasri" failures="0" tests="3" name="SelenumBatch.LoginApp" time="0.019" errors="0" timestamp="2023-12-12T15:07:14 IST" skipped="0">
  <testcase classname="SelenumBatch.LoginApp" name="login" time="0.014">
    <system-out>
      <![CDATA[pass]]>
    </system-out>
  </testcase> <!-- login -->
  <testcase classname="SelenumBatch.LoginApp" name="register" time="0.003">
    <system-out>
      <![CDATA[pass1]]>
    </system-out>
  </testcase> <!-- register -->
  <testcase classname="SelenumBatch.LoginApp" name="logout" time="0.002">
    <system-out>
      <![CDATA[pass2]]>
    </system-out>
  </testcase> <!-- logout -->
  <system-out>
    <![CDATA[pass
pass1
pass2]]>
  </system-out>
</testsuite> <!-- SelenumBatch.LoginApp -->
