<?xml version="1.0" encoding="UTF-8"?>
<!-- Generated by org.testng.reporters.JUnitReportReporter -->
<testsuite hostname="Suvasri" failures="0" tests="1" name="Assertion.AssertEqual" time="38.732" errors="0" timestamp="2023-12-19T14:22:40 IST" skipped="0">
  <testcase classname="Assertion.AssertEqual" name="testcase" time="38.732">
    <system-out>
      <![CDATA[testcase completed]]>
    </system-out>
  </testcase> <!-- testcase -->
  <system-out>
    <![CDATA[testcase completed]]>
  </system-out>
</testsuite> <!-- Assertion.AssertEqual -->
