<?xml version="1.0" encoding="UTF-8"?>
<!-- Generated by org.testng.reporters.JUnitReportReporter -->
<testsuite hostname="Suvasri" failures="0" tests="1" name="Assertion.AssertTrue" time="4.982" errors="0" timestamp="2023-12-20T11:11:17 IST" skipped="0">
  <testcase classname="Assertion.AssertTrue" name="testcase" time="4.982"/>
</testsuite> <!-- Assertion.AssertTrue -->
