<?xml version="1.0" encoding="UTF-8"?>
<!-- Generated by org.testng.reporters.JUnitReportReporter -->
<testsuite hostname="Suvasri" failures="0" tests="2" name="SelenumBatch.DemoWebshopUsingMethod" time="8.356" errors="0" timestamp="2023-12-17T13:34:50 IST" skipped="0">
  <testcase classname="SelenumBatch.DemoWebshopUsingMethod" name="acess" time="6.304"/>
  <testcase classname="SelenumBatch.DemoWebshopUsingMethod" name="register" time="2.052"/>
</testsuite> <!-- SelenumBatch.DemoWebshopUsingMethod -->
