<?xml version="1.0" encoding="UTF-8"?>
<!-- Generated by org.testng.reporters.JUnitReportReporter -->
<testsuite hostname="Suvasri" failures="0" tests="3" name="FetchingDataExcel.usingLoopDataDriveTesting" time="0.017" errors="0" timestamp="2023-12-17T13:19:30 IST" skipped="0">
  <testcase classname="FetchingDataExcel.usingLoopDataDriveTesting" name="m1" time="0.013"/>
  <testcase classname="FetchingDataExcel.usingLoopDataDriveTesting" name="m1" time="0.002"/>
  <testcase classname="FetchingDataExcel.usingLoopDataDriveTesting" name="m1" time="0.002"/>
</testsuite> <!-- FetchingDataExcel.usingLoopDataDriveTesting -->
