<?xml version="1.0" encoding="UTF-8"?>
<!-- Generated by org.testng.reporters.JUnitReportReporter -->
<testsuite hostname="Suvasri" failures="0" tests="2" name="FetchingDataExcel.DataDriveTesting" time="0.013" errors="0" timestamp="2023-12-15T15:18:41 IST" skipped="0">
  <testcase classname="FetchingDataExcel.DataDriveTesting" name="m1" time="0.002"/>
  <testcase classname="FetchingDataExcel.DataDriveTesting" name="m1" time="0.011"/>
</testsuite> <!-- FetchingDataExcel.DataDriveTesting -->
