<?xml version="1.0" encoding="UTF-8"?>
<!-- Generated by org.testng.reporters.JUnitReportReporter -->
<testsuite hostname="Suvasri" failures="0" tests="1" name="Car.testcase6" time="40.325" errors="0" timestamp="2023-12-13T14:45:59 IST" skipped="0">
  <testcase classname="Car.testcase6" name="lambrogini" time="40.325"/>
</testsuite> <!-- Car.testcase6 -->
