<?xml version="1.0" encoding="UTF-8"?>
<!-- Generated by org.testng.reporters.JUnitReportReporter -->
<testsuite hostname="Suvasri" failures="0" tests="2" name="SelenumBatch.ThradpoolSize" time="80.128" errors="0" timestamp="2023-12-12T16:04:50 IST" skipped="0">
  <testcase classname="SelenumBatch.ThradpoolSize" name="login" time="32.078"/>
  <testcase classname="SelenumBatch.ThradpoolSize" name="login" time="48.050"/>
</testsuite> <!-- SelenumBatch.ThradpoolSize -->
