<?xml version="1.0" encoding="UTF-8"?>
<!-- Generated by org.testng.reporters.JUnitReportReporter -->
<testsuite hostname="Suvasri" failures="0" tests="1" name="Bike.testcase2" time="14.007" errors="0" timestamp="2023-12-13T14:45:59 IST" skipped="0">
  <testcase classname="Bike.testcase2" name="royalEnfield" time="14.007"/>
</testsuite> <!-- Bike.testcase2 -->
