<?xml version="1.0" encoding="UTF-8"?>
<!-- Generated by org.testng.reporters.JUnitReportReporter -->
<testsuite hostname="Suvasri" failures="0" tests="3" name="SelenumBatch.program" time="0.015" errors="0" timestamp="2023-12-12T14:58:35 IST" skipped="0">
  <testcase classname="SelenumBatch.program" name="login" time="0.011">
    <system-out>
      <![CDATA[pass]]>
    </system-out>
  </testcase> <!-- login -->
  <testcase classname="SelenumBatch.program" name="register" time="0.002">
    <system-out>
      <![CDATA[pass1]]>
    </system-out>
  </testcase> <!-- register -->
  <testcase classname="SelenumBatch.program" name="logout" time="0.002">
    <system-out>
      <![CDATA[pass2]]>
    </system-out>
  </testcase> <!-- logout -->
  <system-out>
    <![CDATA[pass
pass2
pass1]]>
  </system-out>
</testsuite> <!-- SelenumBatch.program -->
