<?xml version="1.0" encoding="UTF-8"?>
<!-- Generated by org.testng.reporters.JUnitReportReporter -->
<testsuite hostname="Suvasri" failures="0" tests="3" name="FetchingDataExcel.DatadrivenTestingcheckLoginTestField" time="6.234" errors="0" timestamp="2023-12-18T15:49:22 IST" skipped="0">
  <testcase classname="FetchingDataExcel.DatadrivenTestingcheckLoginTestField" name="loginTest" time="2.787"/>
  <testcase classname="FetchingDataExcel.DatadrivenTestingcheckLoginTestField" name="loginTest" time="1.952"/>
  <testcase classname="FetchingDataExcel.DatadrivenTestingcheckLoginTestField" name="loginTest" time="1.495"/>
</testsuite> <!-- FetchingDataExcel.DatadrivenTestingcheckLoginTestField -->
